<?xml version="1.0" encoding="UTF-8"?>
<!-- Generated by org.testng.reporters.JUnitReportReporter -->
<testsuite hostname="DESKTOP-I3EFHEJ" failures="0" tests="1" name="com.google.qa.FirstTest" time="4.431" errors="0" timestamp="29 abr. 2023 16:53:08 GMT" skipped="0">
  <testcase classname="com.google.qa.FirstTest" name="f" time="4.431"/>
</testsuite> <!-- com.google.qa.FirstTest -->
